Component1/build/outputs/logs/manifest-merger-debug-report.txt
-- Merging decision tree log ---
manifest
ADDED from src/main/AndroidManifest.xml:2:1-14:12
INJECTED from src/main/AndroidManifest.xml:2:1-14:12
INJECTED from src/main/AndroidManifest.xml:2:1-14:12
INJECTED from src/main/AndroidManifest.xml:2:1-14:12
INJECTED from src/main/AndroidManifest.xml:2:1-14:12
INJECTED from src/main/AndroidManifest.xml:2:1-14:12
INJECTED from src/main/AndroidManifest.xml:2:1-14:12
	package
		ADDED from src/main/AndroidManifest.xml:3:5-33
		INJECTED from src/main/AndroidManifest.xml
		INJECTED from src/main/AndroidManifest.xml
	android:versionName
		INJECTED from src/main/AndroidManifest.xml
		ADDED from src/main/AndroidManifest.xml:2:1-14:12
		INJECTED from src/main/AndroidManifest.xml
	android:versionCode
		INJECTED from src/main/AndroidManifest.xml
		ADDED from src/main/AndroidManifest.xml:2:1-14:12
		INJECTED from src/main/AndroidManifest.xml
	xmlns:android
		ADDED from src/main/AndroidManifest.xml:2:11-69
application
ADDED from src/main/AndroidManifest.xml:5:5-12:19
activity#com.ehi.component1.view.Component1TestDialogAct
ADDED from src/main/AndroidManifest.xml:6:9-75
	android:name
		ADDED from src/main/AndroidManifest.xml:6:19-63
activity#com.ehi.component1.view.Component1TestLoginAct
ADDED from src/main/AndroidManifest.xml:7:9-65
	android:name
		ADDED from src/main/AndroidManifest.xml:7:19-62
activity#com.ehi.component1.view.Component1TestQueryAct
ADDED from src/main/AndroidManifest.xml:8:9-10:46
	android:launchMode
		ADDED from src/main/AndroidManifest.xml:10:13-43
	android:name
		ADDED from src/main/AndroidManifest.xml:9:13-56
activity#com.ehi.component1.view.Component1TestAct
ADDED from src/main/AndroidManifest.xml:11:9-60
	android:name
		ADDED from src/main/AndroidManifest.xml:11:19-57
uses-sdk
INJECTED from src/main/AndroidManifest.xml reason: use-sdk injection requested
INJECTED from src/main/AndroidManifest.xml
INJECTED from src/main/AndroidManifest.xml
INJECTED from src/main/AndroidManifest.xml
INJECTED from src/main/AndroidManifest.xml
	android:targetSdkVersion
		INJECTED from src/main/AndroidManifest.xml
		ADDED from src/main/AndroidManifest.xml
		INJECTED from src/main/AndroidManifest.xml
	android:minSdkVersion
		INJECTED from src/main/AndroidManifest.xml
		ADDED from src/main/AndroidManifest.xml
		INJECTED from src/main/AndroidManifest.xml